
Circuit 1 cell sky130_fd_pr__nfet_01v8 and Circuit 2 cell sky130_fd_pr__nfet_01v8 are black boxes.
Equate elements:  no current cell.
Device classes sky130_fd_pr__nfet_01v8 and sky130_fd_pr__nfet_01v8 are equivalent.

Circuit 1 cell sky130_fd_pr__pfet_01v8 and Circuit 2 cell sky130_fd_pr__pfet_01v8 are black boxes.
Equate elements:  no current cell.
Device classes sky130_fd_pr__pfet_01v8 and sky130_fd_pr__pfet_01v8 are equivalent.

Class comp.spice (0):  Merged 4 parallel devices.
Class comp_lds.spice (1):  Merged 4 parallel devices.
Subcircuit summary:
Circuit 1: comp.spice                      |Circuit 2: comp_lds.spice                  
-------------------------------------------|-------------------------------------------
sky130_fd_pr__nfet_01v8 (17->13)           |sky130_fd_pr__nfet_01v8 (17->13)           
sky130_fd_pr__pfet_01v8 (7)                |sky130_fd_pr__pfet_01v8 (7)                
Number of devices: 20                      |Number of devices: 20                      
Number of nets: 21                         |Number of nets: 21                         
---------------------------------------------------------------------------------------
Netlists match uniquely with property errors.
sky130_fd_pr__pfet_01v8:12 vs. sky130_fd_pr__pfet_01v8:M31:
 l circuit1: "0.15"   circuit2: "L_U"   (exact match req'd)
 w circuit1: "1"   circuit2: "W_U"   (exact match req'd)
sky130_fd_pr__pfet_01v8:18 vs. sky130_fd_pr__pfet_01v8:M32:
 l circuit1: "0.15"   circuit2: "L_U"   (exact match req'd)
 w circuit1: "1"   circuit2: "W_U"   (exact match req'd)
sky130_fd_pr__pfet_01v8:19 vs. sky130_fd_pr__pfet_01v8:M30:
 l circuit1: "0.15"   circuit2: "L_U"   (exact match req'd)
 w circuit1: "1"   circuit2: "W_U"   (exact match req'd)
sky130_fd_pr__pfet_01v8:11 vs. sky130_fd_pr__pfet_01v8:M33:
 l circuit1: "0.15"   circuit2: "L_U"   (exact match req'd)
 w circuit1: "1"   circuit2: "W_U"   (exact match req'd)
sky130_fd_pr__pfet_01v8:20 vs. sky130_fd_pr__pfet_01v8:M34:
 l circuit1: "0.15"   circuit2: "L_U"   (exact match req'd)
 w circuit1: "1"   circuit2: "W_U"   (exact match req'd)
sky130_fd_pr__pfet_01v8:16 vs. sky130_fd_pr__pfet_01v8:M35:
 l circuit1: "0.15"   circuit2: "L_U"   (exact match req'd)
 w circuit1: "1"   circuit2: "W_U"   (exact match req'd)
sky130_fd_pr__pfet_01v8:7 vs. sky130_fd_pr__pfet_01v8:M46:
 l circuit1: "0.15"   circuit2: "L_U"   (exact match req'd)
 w circuit1: "1"   circuit2: "W_U"   (exact match req'd)
sky130_fd_pr__nfet_01v8:3 vs. sky130_fd_pr__nfet_01v8:M21:
 l circuit1: "0.15"   circuit2: "L_U"   (exact match req'd)
 w circuit1: "1"   circuit2: "W_U"   (exact match req'd)
sky130_fd_pr__nfet_01v8:5 vs. sky130_fd_pr__nfet_01v8:M22:
 l circuit1: "0.15"   circuit2: "L_U"   (exact match req'd)
 w circuit1: "1"   circuit2: "W_U"   (exact match req'd)
sky130_fd_pr__nfet_01v8:10 vs. sky130_fd_pr__nfet_01v8:M23:
 l circuit1: "0.3"   (unresolved expression)  (property type mismatch)
 w circuit1: "1"   circuit2: "W_U"   (exact match req'd)
Circuit 1 parallel/series network does not match Circuit 2
Circuit 1 instance sky130_fd_pr__nfet_01v8:10 network:
  l = 0.3
  w = 1
  ps = 1.5
  as = 0.25
  pd = 1.5
  ad = 0.25
  M = 1
Circuit 2 instance sky130_fd_pr__nfet_01v8:M23 network:
  m = 1
  mult = 1
  sd = 0
  sb = 0
  sa = 0
  nrs = (expression)
  nrd = (expression)
  ps = (expression)
  pd = (expression)
  as = (expression)
  ad = (expression)
  nf = 1
  W = W_U
  L = (expression)
  m = 1
  mult = 1
  sd = 0
  sb = 0
  sa = 0
  nrs = (expression)
  nrd = (expression)
  ps = (expression)
  pd = (expression)
  as = (expression)
  ad = (expression)
  nf = 1
  W = W_U
  L = (expression)
sky130_fd_pr__nfet_01v8:17 vs. sky130_fd_pr__nfet_01v8:M24:
 l circuit1: "0.15"   circuit2: "L_U"   (exact match req'd)
 w circuit1: "1"   circuit2: "W_U"   (exact match req'd)
sky130_fd_pr__nfet_01v8:14 vs. sky130_fd_pr__nfet_01v8:M28:
 l circuit1: "0.15"   circuit2: "L_U"   (exact match req'd)
 w circuit1: "1"   circuit2: "W_U"   (exact match req'd)
sky130_fd_pr__nfet_01v8:0 vs. sky130_fd_pr__nfet_01v8:M29:
 l circuit1: "0.15"   circuit2: "L_U"   (exact match req'd)
 w circuit1: "1"   circuit2: "W_U"   (exact match req'd)
sky130_fd_pr__nfet_01v8:21 vs. sky130_fd_pr__nfet_01v8:M25:
 l circuit1: "0.15"   circuit2: "L_U"   (exact match req'd)
 w circuit1: "1"   circuit2: "W_U"   (exact match req'd)
sky130_fd_pr__nfet_01v8:15 vs. sky130_fd_pr__nfet_01v8:M38:
 l circuit1: "0.3"   circuit2: "L_U"   (exact match req'd)
 w circuit1: "1"   (unresolved expression)  (property type mismatch)
Circuit 1 parallel/series network does not match Circuit 2
Circuit 1 instance sky130_fd_pr__nfet_01v8:15 network:
  l = 0.3
  w = 1
  ps = 1.5
  as = 0.25
  pd = 1.5
  ad = 0.25
  M = 1
Circuit 2 instance sky130_fd_pr__nfet_01v8:M38 network:
  m = 1
  mult = 1
  sd = 0
  sb = 0
  sa = 0
  nrs = (expression)
  nrd = (expression)
  ps = (expression)
  pd = (expression)
  as = (expression)
  ad = (expression)
  nf = 1
  W = (expression)
  L = L_U
  m = 1
  mult = 1
  sd = 0
  sb = 0
  sa = 0
  nrs = (expression)
  nrd = (expression)
  ps = (expression)
  pd = (expression)
  as = (expression)
  ad = (expression)
  nf = 1
  W = (expression)
  L = L_U
sky130_fd_pr__nfet_01v8:1 vs. sky130_fd_pr__nfet_01v8:M39:
 l circuit1: "0.15"   circuit2: "L_U"   (exact match req'd)
 w circuit1: "1"   circuit2: "W_U"   (exact match req'd)
sky130_fd_pr__nfet_01v8:13 vs. sky130_fd_pr__nfet_01v8:M40:
 l circuit1: "0.15"   circuit2: "L_U"   (exact match req'd)
 w circuit1: "1"   circuit2: "W_U"   (exact match req'd)
sky130_fd_pr__nfet_01v8:8 vs. sky130_fd_pr__nfet_01v8:M37:
 l circuit1: "0.3"   circuit2: "L_U"   (exact match req'd)
 w circuit1: "1"   (unresolved expression)  (property type mismatch)
Circuit 1 parallel/series network does not match Circuit 2
Circuit 1 instance sky130_fd_pr__nfet_01v8:8 network:
  l = 0.3
  w = 1
  ps = 3
  as = 0.5
  pd = 1.5
  ad = 0.25
  M = 1
Circuit 2 instance sky130_fd_pr__nfet_01v8:M37 network:
  m = 1
  mult = 1
  sd = 0
  sb = 0
  sa = 0
  nrs = (expression)
  nrd = (expression)
  ps = (expression)
  pd = (expression)
  as = (expression)
  ad = (expression)
  nf = 1
  W = (expression)
  L = L_U
  m = 1
  mult = 1
  sd = 0
  sb = 0
  sa = 0
  nrs = (expression)
  nrd = (expression)
  ps = (expression)
  pd = (expression)
  as = (expression)
  ad = (expression)
  nf = 1
  W = (expression)
  L = L_U
sky130_fd_pr__nfet_01v8:4 vs. sky130_fd_pr__nfet_01v8:M42:
 l circuit1: "0.3"   circuit2: "L_U"   (exact match req'd)
 w circuit1: "1"   (unresolved expression)  (property type mismatch)
Circuit 1 parallel/series network does not match Circuit 2
Circuit 1 instance sky130_fd_pr__nfet_01v8:4 network:
  l = 0.3
  w = 1
  ps = 1.5
  as = 0.25
  pd = 1.5
  ad = 0.25
  M = 1
Circuit 2 instance sky130_fd_pr__nfet_01v8:M42 network:
  m = 1
  mult = 1
  sd = 0
  sb = 0
  sa = 0
  nrs = (expression)
  nrd = (expression)
  ps = (expression)
  pd = (expression)
  as = (expression)
  ad = (expression)
  nf = 1
  W = (expression)
  L = L_U
  m = 1
  mult = 1
  sd = 0
  sb = 0
  sa = 0
  nrs = (expression)
  nrd = (expression)
  ps = (expression)
  pd = (expression)
  as = (expression)
  ad = (expression)
  nf = 1
  W = (expression)
  L = L_U
sky130_fd_pr__nfet_01v8:2 vs. sky130_fd_pr__nfet_01v8:M45:
 l circuit1: "0.15"   circuit2: "L_U"   (exact match req'd)
 w circuit1: "1"   circuit2: "W_U"   (exact match req'd)
Cells have no pins;  pin matching not needed.
Device classes comp.spice and comp_lds.spice are equivalent.

Final result: Circuits match uniquely.
Property errors were found.

The following cells had property errors:
 comp.spice
